1202.cpp: In member function 'std::__cxx11::string Solution::smallestStringWithSwaps(std::__cxx11::string, std::vector<std::vector<int> >&)':
1202.cpp:38:31: warning: comparison of integer expressions of different signedness: 'int' and 'std::__cxx11::basic_string<char>::size_type' {aka 'long long unsigned int'} [-Wsign-compare]
             for (int i = 0; i < temp.size(); i++, it++)
                             ~~^~~~~~~~~~~~~
In file included from C:/Program Files/mingw-w64/x86_64-8.1.0-release-posix-seh-rt_v6-rev0/mingw64/lib/gcc/x86_64-w64-mingw32/8.1.0/include/c++/algorithm:62,
                 from 1202.cpp:5:
C:/Program Files/mingw-w64/x86_64-8.1.0-release-posix-seh-rt_v6-rev0/mingw64/lib/gcc/x86_64-w64-mingw32/8.1.0/include/c++/bits/stl_algo.h: In instantiation of 'void std::__insertion_sort(_RandomAccessIterator, _RandomAccessIterator, _Compare) [with _RandomAccessIterator = __gnu_cxx::__normal_iterator<const char*, std::__cxx11::basic_string<char> >; _Compare = __gnu_cxx::__ops::_Iter_less_iter]':
C:/Program Files/mingw-w64/x86_64-8.1.0-release-posix-seh-rt_v6-rev0/mingw64/lib/gcc/x86_64-w64-mingw32/8.1.0/include/c++/bits/stl_algo.h:1885:25:   required from 'void std::__final_insertion_sort(_RandomAccessIterator, _RandomAccessIterator, _Compare) [with _RandomAccessIterator = __gnu_cxx::__normal_iterator<const char*, std::__cxx11::basic_string<char> >; _Compare = __gnu_cxx::__ops::_Iter_less_iter]'
C:/Program Files/mingw-w64/x86_64-8.1.0-release-posix-seh-rt_v6-rev0/mingw64/lib/gcc/x86_64-w64-mingw32/8.1.0/include/c++/bits/stl_algo.h:1971:31:   required from 'void std::__sort(_RandomAccessIterator, _RandomAccessIterator, _Compare) [with _RandomAccessIterator = __gnu_cxx::__normal_iterator<const char*, std::__cxx11::basic_string<char> >; _Compare = __gnu_cxx::__ops::_Iter_less_iter]'
C:/Program Files/mingw-w64/x86_64-8.1.0-release-posix-seh-rt_v6-rev0/mingw64/lib/gcc/x86_64-w64-mingw32/8.1.0/include/c++/bits/stl_algo.h:4834:18:   required from 'void std::sort(_RAIter, _RAIter) [with _RAIter = __gnu_cxx::__normal_iterator<const char*, std::__cxx11::basic_string<char> >]'
1202.cpp:36:44:   required from here
C:/Program Files/mingw-w64/x86_64-8.1.0-release-posix-seh-rt_v6-rev0/mingw64/lib/gcc/x86_64-w64-mingw32/8.1.0/include/c++/bits/stl_algo.h:1852:17: error: assignment of read-only location '__first.__gnu_cxx::__normal_iterator<const char*, std::__cxx11::basic_string<char> >::operator*()'
        *__first = _GLIBCXX_MOVE(__val);
                 ^
In file included from C:/Program Files/mingw-w64/x86_64-8.1.0-release-posix-seh-rt_v6-rev0/mingw64/lib/gcc/x86_64-w64-mingw32/8.1.0/include/c++/bits/stl_algo.h:61,
                 from C:/Program Files/mingw-w64/x86_64-8.1.0-release-posix-seh-rt_v6-rev0/mingw64/lib/gcc/x86_64-w64-mingw32/8.1.0/include/c++/algorithm:62,
                 from 1202.cpp:5:
C:/Program Files/mingw-w64/x86_64-8.1.0-release-posix-seh-rt_v6-rev0/mingw64/lib/gcc/x86_64-w64-mingw32/8.1.0/include/c++/bits/stl_heap.h: In instantiation of 'void std::__pop_heap(_RandomAccessIterator, _RandomAccessIterator, _RandomAccessIterator, _Compare&) [with _RandomAccessIterator = __gnu_cxx::__normal_iterator<const char*, std::__cxx11::basic_string<char> >; _Compare = __gnu_cxx::__ops::_Iter_less_iter]':
C:/Program Files/mingw-w64/x86_64-8.1.0-release-posix-seh-rt_v6-rev0/mingw64/lib/gcc/x86_64-w64-mingw32/8.1.0/include/c++/bits/stl_algo.h:1675:19:   required from 'void std::__heap_select(_RandomAccessIterator, _RandomAccessIterator, _RandomAccessIterator, _Compare) [with _RandomAccessIterator = __gnu_cxx::__normal_iterator<const char*, std::__cxx11::basic_string<char> >; _Compare = __gnu_cxx::__ops::_Iter_less_iter]'
C:/Program Files/mingw-w64/x86_64-8.1.0-release-posix-seh-rt_v6-rev0/mingw64/lib/gcc/x86_64-w64-mingw32/8.1.0/include/c++/bits/stl_algo.h:1933:25:   required from 'void std::__partial_sort(_RandomAccessIterator, _RandomAccessIterator, _RandomAccessIterator, _Compare) [with _RandomAccessIterator = __gnu_cxx::__normal_iterator<const char*, std::__cxx11::basic_string<char> >; _Compare = __gnu_cxx::__ops::_Iter_less_iter]'
C:/Program Files/mingw-w64/x86_64-8.1.0-release-posix-seh-rt_v6-rev0/mingw64/lib/gcc/x86_64-w64-mingw32/8.1.0/include/c++/bits/stl_algo.h:1948:27:   required from 'void std::__introsort_loop(_RandomAccessIterator, _RandomAccessIterator, _Size, _Compare) [with _RandomAccessIterator = __gnu_cxx::__normal_iterator<const char*, std::__cxx11::basic_string<char> >; _Size = long long int; _Compare = __gnu_cxx::__ops::_Iter_less_iter]'
C:/Program Files/mingw-w64/x86_64-8.1.0-release-posix-seh-rt_v6-rev0/mingw64/lib/gcc/x86_64-w64-mingw32/8.1.0/include/c++/bits/stl_algo.h:1968:25:   required from 'void std::__sort(_RandomAccessIterator, _RandomAccessIterator, _Compare) [with _RandomAccessIterator = __gnu_cxx::__normal_iterator<const char*, std::__cxx11::basic_string<char> >; _Compare = __gnu_cxx::__ops::_Iter_less_iter]'
C:/Program Files/mingw-w64/x86_64-8.1.0-release-posix-seh-rt_v6-rev0/mingw64/lib/gcc/x86_64-w64-mingw32/8.1.0/include/c++/bits/stl_algo.h:4834:18:   required from 'void std::sort(_RAIter, _RAIter) [with _RAIter = __gnu_cxx::__normal_iterator<const char*, std::__cxx11::basic_string<char> >]'
1202.cpp:36:44:   required from here
C:/Program Files/mingw-w64/x86_64-8.1.0-release-posix-seh-rt_v6-rev0/mingw64/lib/gcc/x86_64-w64-mingw32/8.1.0/include/c++/bits/stl_heap.h:252:17: error: assignment of read-only location '__result.__gnu_cxx::__normal_iterator<const char*, std::__cxx11::basic_string<char> >::operator*()'
       *__result = _GLIBCXX_MOVE(*__first);
                 ^
In file included from C:/Program Files/mingw-w64/x86_64-8.1.0-release-posix-seh-rt_v6-rev0/mingw64/lib/gcc/x86_64-w64-mingw32/8.1.0/include/c++/bits/char_traits.h:39,
                 from C:/Program Files/mingw-w64/x86_64-8.1.0-release-posix-seh-rt_v6-rev0/mingw64/lib/gcc/x86_64-w64-mingw32/8.1.0/include/c++/ios:40,
                 from C:/Program Files/mingw-w64/x86_64-8.1.0-release-posix-seh-rt_v6-rev0/mingw64/lib/gcc/x86_64-w64-mingw32/8.1.0/include/c++/ostream:38,
                 from C:/Program Files/mingw-w64/x86_64-8.1.0-release-posix-seh-rt_v6-rev0/mingw64/lib/gcc/x86_64-w64-mingw32/8.1.0/include/c++/iostream:39,
                 from 1202.cpp:2:
C:/Program Files/mingw-w64/x86_64-8.1.0-release-posix-seh-rt_v6-rev0/mingw64/lib/gcc/x86_64-w64-mingw32/8.1.0/include/c++/bits/stl_algobase.h: In instantiation of 'void std::iter_swap(_ForwardIterator1, _ForwardIterator2) [with _ForwardIterator1 = __gnu_cxx::__normal_iterator<const char*, std::__cxx11::basic_string<char> >; _ForwardIterator2 = __gnu_cxx::__normal_iterator<const char*, std::__cxx11::basic_string<char> >]':
C:/Program Files/mingw-w64/x86_64-8.1.0-release-posix-seh-rt_v6-rev0/mingw64/lib/gcc/x86_64-w64-mingw32/8.1.0/include/c++/bits/stl_algo.h:84:20:   required from 'void std::__move_median_to_first(_Iterator, _Iterator, _Iterator, _Iterator, _Compare) [with _Iterator = __gnu_cxx::__normal_iterator<const char*, std::__cxx11::basic_string<char> >; _Compare = __gnu_cxx::__ops::_Iter_less_iter]'
C:/Program Files/mingw-w64/x86_64-8.1.0-release-posix-seh-rt_v6-rev0/mingw64/lib/gcc/x86_64-w64-mingw32/8.1.0/include/c++/bits/stl_algo.h:1921:34:   required from '_RandomAccessIterator std::__unguarded_partition_pivot(_RandomAccessIterator, _RandomAccessIterator, _Compare) [with _RandomAccessIterator = __gnu_cxx::__normal_iterator<const char*, std::__cxx11::basic_string<char> >; _Compare = __gnu_cxx::__ops::_Iter_less_iter]'
C:/Program Files/mingw-w64/x86_64-8.1.0-release-posix-seh-rt_v6-rev0/mingw64/lib/gcc/x86_64-w64-mingw32/8.1.0/include/c++/bits/stl_algo.h:1953:38:   required from 'void std::__introsort_loop(_RandomAccessIterator, _RandomAccessIterator, _Size, _Compare) [with _RandomAccessIterator = __gnu_cxx::__normal_iterator<const char*, std::__cxx11::basic_string<char> >; _Size = long long int; _Compare = __gnu_cxx::__ops::_Iter_less_iter]'
C:/Program Files/mingw-w64/x86_64-8.1.0-release-posix-seh-rt_v6-rev0/mingw64/lib/gcc/x86_64-w64-mingw32/8.1.0/include/c++/bits/stl_algo.h:1968:25:   required from 'void std::__sort(_RandomAccessIterator, _RandomAccessIterator, _Compare) [with _RandomAccessIterator = __gnu_cxx::__normal_iterator<const char*, std::__cxx11::basic_string<char> >; _Compare = __gnu_cxx::__ops::_Iter_less_iter]'
C:/Program Files/mingw-w64/x86_64-8.1.0-release-posix-seh-rt_v6-rev0/mingw64/lib/gcc/x86_64-w64-mingw32/8.1.0/include/c++/bits/stl_algo.h:4834:18:   required from 'void std::sort(_RAIter, _RAIter) [with _RAIter = __gnu_cxx::__normal_iterator<const char*, std::__cxx11::basic_string<char> >]'
1202.cpp:36:44:   required from here
C:/Program Files/mingw-w64/x86_64-8.1.0-release-posix-seh-rt_v6-rev0/mingw64/lib/gcc/x86_64-w64-mingw32/8.1.0/include/c++/bits/stl_algobase.h:148:11: error: no matching function for call to 'swap(const char&, const char&)'
       swap(*__a, *__b);
       ~~~~^~~~~~~~~~~~
In file included from C:/Program Files/mingw-w64/x86_64-8.1.0-release-posix-seh-rt_v6-rev0/mingw64/lib/gcc/x86_64-w64-mingw32/8.1.0/include/c++/bits/nested_exception.h:40,
                 from C:/Program Files/mingw-w64/x86_64-8.1.0-release-posix-seh-rt_v6-rev0/mingw64/lib/gcc/x86_64-w64-mingw32/8.1.0/include/c++/exception:144,
                 from C:/Program Files/mingw-w64/x86_64-8.1.0-release-posix-seh-rt_v6-rev0/mingw64/lib/gcc/x86_64-w64-mingw32/8.1.0/include/c++/ios:39,
                 from C:/Program Files/mingw-w64/x86_64-8.1.0-release-posix-seh-rt_v6-rev0/mingw64/lib/gcc/x86_64-w64-mingw32/8.1.0/include/c++/ostream:38,
                 from C:/Program Files/mingw-w64/x86_64-8.1.0-release-posix-seh-rt_v6-rev0/mingw64/lib/gcc/x86_64-w64-mingw32/8.1.0/include/c++/iostream:39,
                 from 1202.cpp:2:
C:/Program Files/mingw-w64/x86_64-8.1.0-release-posix-seh-rt_v6-rev0/mingw64/lib/gcc/x86_64-w64-mingw32/8.1.0/include/c++/bits/move.h:182:5: note: candidate: 'template<class _Tp> typename std::enable_if<std::__and_<std::__not_<std::__is_tuple_like<_Tp> >, std::is_move_constructible<_Tp>, std::is_move_assignable<_Tp> >::value>::type std::swap(_Tp&, _Tp&)'
     swap(_Tp& __a, _Tp& __b)
     ^~~~
C:/Program Files/mingw-w64/x86_64-8.1.0-release-posix-seh-rt_v6-rev0/mingw64/lib/gcc/x86_64-w64-mingw32/8.1.0/include/c++/bits/move.h:182:5: note:   template argument deduction/substitution failed:
C:/Program Files/mingw-w64/x86_64-8.1.0-release-posix-seh-rt_v6-rev0/mingw64/lib/gcc/x86_64-w64-mingw32/8.1.0/include/c++/bits/move.h: In substitution of 'template<class _Tp> typename std::enable_if<std::__and_<std::__not_<std::__is_tuple_like<_Tp> >, std::is_move_constructible<_Tp>, std::is_move_assignable<_Tp> >::value>::type std::swap(_Tp&, _Tp&) [with _Tp = const char]':
C:/Program Files/mingw-w64/x86_64-8.1.0-release-posix-seh-rt_v6-rev0/mingw64/lib/gcc/x86_64-w64-mingw32/8.1.0/include/c++/bits/stl_algobase.h:148:11:   required from 'void std::iter_swap(_ForwardIterator1, _ForwardIterator2) [with _ForwardIterator1 = __gnu_cxx::__normal_iterator<const char*, std::__cxx11::basic_string<char> >; _ForwardIterator2 = __gnu_cxx::__normal_iterator<const char*, std::__cxx11::basic_string<char> >]'
C:/Program Files/mingw-w64/x86_64-8.1.0-release-posix-seh-rt_v6-rev0/mingw64/lib/gcc/x86_64-w64-mingw32/8.1.0/include/c++/bits/stl_algo.h:84:20:   required from 'void std::__move_median_to_first(_Iterator, _Iterator, _Iterator, _Iterator, _Compare) [with _Iterator = __gnu_cxx::__normal_iterator<const char*, std::__cxx11::basic_string<char> >; _Compare = __gnu_cxx::__ops::_Iter_less_iter]'
C:/Program Files/mingw-w64/x86_64-8.1.0-release-posix-seh-rt_v6-rev0/mingw64/lib/gcc/x86_64-w64-mingw32/8.1.0/include/c++/bits/stl_algo.h:1921:34:   required from '_RandomAccessIterator std::__unguarded_partition_pivot(_RandomAccessIterator, _RandomAccessIterator, _Compare) [with _RandomAccessIterator = __gnu_cxx::__normal_iterator<const char*, std::__cxx11::basic_string<char> >; _Compare = __gnu_cxx::__ops::_Iter_less_iter]'
C:/Program Files/mingw-w64/x86_64-8.1.0-release-posix-seh-rt_v6-rev0/mingw64/lib/gcc/x86_64-w64-mingw32/8.1.0/include/c++/bits/stl_algo.h:1953:38:   required from 'void std::__introsort_loop(_RandomAccessIterator, _RandomAccessIterator, _Size, _Compare) [with _RandomAccessIterator = __gnu_cxx::__normal_iterator<const char*, std::__cxx11::basic_string<char> >; _Size = long long int; _Compare = __gnu_cxx::__ops::_Iter_less_iter]'
C:/Program Files/mingw-w64/x86_64-8.1.0-release-posix-seh-rt_v6-rev0/mingw64/lib/gcc/x86_64-w64-mingw32/8.1.0/include/c++/bits/stl_algo.h:1968:25:   required from 'void std::__sort(_RandomAccessIterator, _RandomAccessIterator, _Compare) [with _RandomAccessIterator = __gnu_cxx::__normal_iterator<const char*, std::__cxx11::basic_string<char> >; _Compare = __gnu_cxx::__ops::_Iter_less_iter]'
C:/Program Files/mingw-w64/x86_64-8.1.0-release-posix-seh-rt_v6-rev0/mingw64/lib/gcc/x86_64-w64-mingw32/8.1.0/include/c++/bits/stl_algo.h:4834:18:   required from 'void std::sort(_RAIter, _RAIter) [with _RAIter = __gnu_cxx::__normal_iterator<const char*, std::__cxx11::basic_string<char> >]'
1202.cpp:36:44:   required from here
C:/Program Files/mingw-w64/x86_64-8.1.0-release-posix-seh-rt_v6-rev0/mingw64/lib/gcc/x86_64-w64-mingw32/8.1.0/include/c++/bits/move.h:182:5: error: no type named 'type' in 'struct std::enable_if<false, void>'
C:/Program Files/mingw-w64/x86_64-8.1.0-release-posix-seh-rt_v6-rev0/mingw64/lib/gcc/x86_64-w64-mingw32/8.1.0/include/c++/bits/stl_algobase.h: In instantiation of 'void std::iter_swap(_ForwardIterator1, _ForwardIterator2) [with _ForwardIterator1 = __gnu_cxx::__normal_iterator<const char*, std::__cxx11::basic_string<char> >; _ForwardIterator2 = __gnu_cxx::__normal_iterator<const char*, std::__cxx11::basic_string<char> >]':
C:/Program Files/mingw-w64/x86_64-8.1.0-release-posix-seh-rt_v6-rev0/mingw64/lib/gcc/x86_64-w64-mingw32/8.1.0/include/c++/bits/stl_algo.h:84:20:   required from 'void std::__move_median_to_first(_Iterator, _Iterator, _Iterator, _Iterator, _Compare) [with _Iterator = __gnu_cxx::__normal_iterator<const char*, std::__cxx11::basic_string<char> >; _Compare = __gnu_cxx::__ops::_Iter_less_iter]'
C:/Program Files/mingw-w64/x86_64-8.1.0-release-posix-seh-rt_v6-rev0/mingw64/lib/gcc/x86_64-w64-mingw32/8.1.0/include/c++/bits/stl_algo.h:1921:34:   required from '_RandomAccessIterator std::__unguarded_partition_pivot(_RandomAccessIterator, _RandomAccessIterator, _Compare) [with _RandomAccessIterator = __gnu_cxx::__normal_iterator<const char*, std::__cxx11::basic_string<char> >; _Compare = __gnu_cxx::__ops::_Iter_less_iter]'
C:/Program Files/mingw-w64/x86_64-8.1.0-release-posix-seh-rt_v6-rev0/mingw64/lib/gcc/x86_64-w64-mingw32/8.1.0/include/c++/bits/stl_algo.h:1953:38:   required from 'void std::__introsort_loop(_RandomAccessIterator, _RandomAccessIterator, _Size, _Compare) [with _RandomAccessIterator = __gnu_cxx::__normal_iterator<const char*, std::__cxx11::basic_string<char> >; _Size = long long int; _Compare = __gnu_cxx::__ops::_Iter_less_iter]'
C:/Program Files/mingw-w64/x86_64-8.1.0-release-posix-seh-rt_v6-rev0/mingw64/lib/gcc/x86_64-w64-mingw32/8.1.0/include/c++/bits/stl_algo.h:1968:25:   required from 'void std::__sort(_RandomAccessIterator, _RandomAccessIterator, _Compare) [with _RandomAccessIterator = __gnu_cxx::__normal_iterator<const char*, std::__cxx11::basic_string<char> >; _Compare = __gnu_cxx::__ops::_Iter_less_iter]'
C:/Program Files/mingw-w64/x86_64-8.1.0-release-posix-seh-rt_v6-rev0/mingw64/lib/gcc/x86_64-w64-mingw32/8.1.0/include/c++/bits/stl_algo.h:4834:18:   required from 'void std::sort(_RAIter, _RAIter) [with _RAIter = __gnu_cxx::__normal_iterator<const char*, std::__cxx11::basic_string<char> >]'
1202.cpp:36:44:   required from here
C:/Program Files/mingw-w64/x86_64-8.1.0-release-posix-seh-rt_v6-rev0/mingw64/lib/gcc/x86_64-w64-mingw32/8.1.0/include/c++/bits/move.h:205:5: note: candidate: 'template<class _Tp, long long unsigned int _Nm> typename std::enable_if<std::__is_swappable<_Tp>::value>::type std::swap(_Tp (&)[_Nm], _Tp (&)[_Nm])'
     swap(_Tp (&__a)[_Nm], _Tp (&__b)[_Nm])
     ^~~~
C:/Program Files/mingw-w64/x86_64-8.1.0-release-posix-seh-rt_v6-rev0/mingw64/lib/gcc/x86_64-w64-mingw32/8.1.0/include/c++/bits/move.h:205:5: note:   template argument deduction/substitution failed:
In file included from C:/Program Files/mingw-w64/x86_64-8.1.0-release-posix-seh-rt_v6-rev0/mingw64/lib/gcc/x86_64-w64-mingw32/8.1.0/include/c++/bits/char_traits.h:39,
                 from C:/Program Files/mingw-w64/x86_64-8.1.0-release-posix-seh-rt_v6-rev0/mingw64/lib/gcc/x86_64-w64-mingw32/8.1.0/include/c++/ios:40,
                 from C:/Program Files/mingw-w64/x86_64-8.1.0-release-posix-seh-rt_v6-rev0/mingw64/lib/gcc/x86_64-w64-mingw32/8.1.0/include/c++/ostream:38,
                 from C:/Program Files/mingw-w64/x86_64-8.1.0-release-posix-seh-rt_v6-rev0/mingw64/lib/gcc/x86_64-w64-mingw32/8.1.0/include/c++/iostream:39,
                 from 1202.cpp:2:
C:/Program Files/mingw-w64/x86_64-8.1.0-release-posix-seh-rt_v6-rev0/mingw64/lib/gcc/x86_64-w64-mingw32/8.1.0/include/c++/bits/stl_algobase.h:148:11: note:   mismatched types '_Tp [_Nm]' and 'const char'
       swap(*__a, *__b);
       ~~~~^~~~~~~~~~~~
In file included from C:/Program Files/mingw-w64/x86_64-8.1.0-release-posix-seh-rt_v6-rev0/mingw64/lib/gcc/x86_64-w64-mingw32/8.1.0/include/c++/bits/stl_algobase.h:64,
                 from C:/Program Files/mingw-w64/x86_64-8.1.0-release-posix-seh-rt_v6-rev0/mingw64/lib/gcc/x86_64-w64-mingw32/8.1.0/include/c++/bits/char_traits.h:39,
                 from C:/Program Files/mingw-w64/x86_64-8.1.0-release-posix-seh-rt_v6-rev0/mingw64/lib/gcc/x86_64-w64-mingw32/8.1.0/include/c++/ios:40,
                 from C:/Program Files/mingw-w64/x86_64-8.1.0-release-posix-seh-rt_v6-rev0/mingw64/lib/gcc/x86_64-w64-mingw32/8.1.0/include/c++/ostream:38,
                 from C:/Program Files/mingw-w64/x86_64-8.1.0-release-posix-seh-rt_v6-rev0/mingw64/lib/gcc/x86_64-w64-mingw32/8.1.0/include/c++/iostream:39,
                 from 1202.cpp:2:
C:/Program Files/mingw-w64/x86_64-8.1.0-release-posix-seh-rt_v6-rev0/mingw64/lib/gcc/x86_64-w64-mingw32/8.1.0/include/c++/bits/stl_pair.h:490:5: note: candidate: 'template<class _T1, class _T2> typename std::enable_if<std::__and_<std::__is_swappable<_T1>, std::__is_swappable<_T2> >::value>::type std::swap(std::pair<_T1, _T2>&, std::pair<_T1, _T2>&)'
     swap(pair<_T1, _T2>& __x, pair<_T1, _T2>& __y)
     ^~~~
C:/Program Files/mingw-w64/x86_64-8.1.0-release-posix-seh-rt_v6-rev0/mingw64/lib/gcc/x86_64-w64-mingw32/8.1.0/include/c++/bits/stl_pair.h:490:5: note:   template argument deduction/substitution failed:
In file included from C:/Program Files/mingw-w64/x86_64-8.1.0-release-posix-seh-rt_v6-rev0/mingw64/lib/gcc/x86_64-w64-mingw32/8.1.0/include/c++/bits/char_traits.h:39,
                 from C:/Program Files/mingw-w64/x86_64-8.1.0-release-posix-seh-rt_v6-rev0/mingw64/lib/gcc/x86_64-w64-mingw32/8.1.0/include/c++/ios:40,
                 from C:/Program Files/mingw-w64/x86_64-8.1.0-release-posix-seh-rt_v6-rev0/mingw64/lib/gcc/x86_64-w64-mingw32/8.1.0/include/c++/ostream:38,
                 from C:/Program Files/mingw-w64/x86_64-8.1.0-release-posix-seh-rt_v6-rev0/mingw64/lib/gcc/x86_64-w64-mingw32/8.1.0/include/c++/iostream:39,
                 from 1202.cpp:2:
C:/Program Files/mingw-w64/x86_64-8.1.0-release-posix-seh-rt_v6-rev0/mingw64/lib/gcc/x86_64-w64-mingw32/8.1.0/include/c++/bits/stl_algobase.h:148:11: note:   mismatched types 'std::pair<_T1, _T2>' and 'const char'
       swap(*__a, *__b);
       ~~~~^~~~~~~~~~~~
In file included from C:/Program Files/mingw-w64/x86_64-8.1.0-release-posix-seh-rt_v6-rev0/mingw64/lib/gcc/x86_64-w64-mingw32/8.1.0/include/c++/bits/stl_algobase.h:64,
                 from C:/Program Files/mingw-w64/x86_64-8.1.0-release-posix-seh-rt_v6-rev0/mingw64/lib/gcc/x86_64-w64-mingw32/8.1.0/include/c++/bits/char_traits.h:39,
                 from C:/Program Files/mingw-w64/x86_64-8.1.0-release-posix-seh-rt_v6-rev0/mingw64/lib/gcc/x86_64-w64-mingw32/8.1.0/include/c++/ios:40,
                 from C:/Program Files/mingw-w64/x86_64-8.1.0-release-posix-seh-rt_v6-rev0/mingw64/lib/gcc/x86_64-w64-mingw32/8.1.0/include/c++/ostream:38,
                 from C:/Program Files/mingw-w64/x86_64-8.1.0-release-posix-seh-rt_v6-rev0/mingw64/lib/gcc/x86_64-w64-mingw32/8.1.0/include/c++/iostream:39,
                 from 1202.cpp:2:
C:/Program Files/mingw-w64/x86_64-8.1.0-release-posix-seh-rt_v6-rev0/mingw64/lib/gcc/x86_64-w64-mingw32/8.1.0/include/c++/bits/stl_pair.h:498:5: note: candidate: 'template<class _T1, class _T2> typename std::enable_if<(! std::__and_<std::__is_swappable<_T1>, std::__is_swappable<_T2> >::value)>::type std::swap(std::pair<_T1, _T2>&, std::pair<_T1, _T2>&)' <deleted>
     swap(pair<_T1, _T2>&, pair<_T1, _T2>&) = delete;
     ^~~~
C:/Program Files/mingw-w64/x86_64-8.1.0-release-posix-seh-rt_v6-rev0/mingw64/lib/gcc/x86_64-w64-mingw32/8.1.0/include/c++/bits/stl_pair.h:498:5: note:   template argument deduction/substitution failed:
In file included from C:/Program Files/mingw-w64/x86_64-8.1.0-release-posix-seh-rt_v6-rev0/mingw64/lib/gcc/x86_64-w64-mingw32/8.1.0/include/c++/bits/char_traits.h:39,
                 from C:/Program Files/mingw-w64/x86_64-8.1.0-release-posix-seh-rt_v6-rev0/mingw64/lib/gcc/x86_64-w64-mingw32/8.1.0/include/c++/ios:40,
                 from C:/Program Files/mingw-w64/x86_64-8.1.0-release-posix-seh-rt_v6-rev0/mingw64/lib/gcc/x86_64-w64-mingw32/8.1.0/include/c++/ostream:38,
                 from C:/Program Files/mingw-w64/x86_64-8.1.0-release-posix-seh-rt_v6-rev0/mingw64/lib/gcc/x86_64-w64-mingw32/8.1.0/include/c++/iostream:39,
                 from 1202.cpp:2:
C:/Program Files/mingw-w64/x86_64-8.1.0-release-posix-seh-rt_v6-rev0/mingw64/lib/gcc/x86_64-w64-mingw32/8.1.0/include/c++/bits/stl_algobase.h:148:11: note:   mismatched types 'std::pair<_T1, _T2>' and 'const char'
       swap(*__a, *__b);
       ~~~~^~~~~~~~~~~~
In file included from C:/Program Files/mingw-w64/x86_64-8.1.0-release-posix-seh-rt_v6-rev0/mingw64/lib/gcc/x86_64-w64-mingw32/8.1.0/include/c++/bits/stl_algo.h:61,
                 from C:/Program Files/mingw-w64/x86_64-8.1.0-release-posix-seh-rt_v6-rev0/mingw64/lib/gcc/x86_64-w64-mingw32/8.1.0/include/c++/algorithm:62,
                 from 1202.cpp:5:
C:/Program Files/mingw-w64/x86_64-8.1.0-release-posix-seh-rt_v6-rev0/mingw64/lib/gcc/x86_64-w64-mingw32/8.1.0/include/c++/bits/stl_heap.h: In instantiation of 'void std::__adjust_heap(_RandomAccessIterator, _Distance, _Distance, _Tp, _Compare) [with _RandomAccessIterator = __gnu_cxx::__normal_iterator<const char*, std::__cxx11::basic_string<char> >; _Distance = long long int; _Tp = char; _Compare = __gnu_cxx::__ops::_Iter_less_iter]':
C:/Program Files/mingw-w64/x86_64-8.1.0-release-posix-seh-rt_v6-rev0/mingw64/lib/gcc/x86_64-w64-mingw32/8.1.0/include/c++/bits/stl_heap.h:342:22:   required from 'void std::__make_heap(_RandomAccessIterator, _RandomAccessIterator, _Compare&) [with _RandomAccessIterator = __gnu_cxx::__normal_iterator<const char*, std::__cxx11::basic_string<char> >; _Compare = __gnu_cxx::__ops::_Iter_less_iter]'
C:/Program Files/mingw-w64/x86_64-8.1.0-release-posix-seh-rt_v6-rev0/mingw64/lib/gcc/x86_64-w64-mingw32/8.1.0/include/c++/bits/stl_algo.h:1672:23:   required from 'void std::__heap_select(_RandomAccessIterator, _RandomAccessIterator, _RandomAccessIterator, _Compare) [with _RandomAccessIterator = __gnu_cxx::__normal_iterator<const char*, std::__cxx11::basic_string<char> >; _Compare = __gnu_cxx::__ops::_Iter_less_iter]'
C:/Program Files/mingw-w64/x86_64-8.1.0-release-posix-seh-rt_v6-rev0/mingw64/lib/gcc/x86_64-w64-mingw32/8.1.0/include/c++/bits/stl_algo.h:1933:25:   required from 'void std::__partial_sort(_RandomAccessIterator, _RandomAccessIterator, _RandomAccessIterator, _Compare) [with _RandomAccessIterator = __gnu_cxx::__normal_iterator<const char*, std::__cxx11::basic_string<char> >; _Compare = __gnu_cxx::__ops::_Iter_less_iter]'
C:/Program Files/mingw-w64/x86_64-8.1.0-release-posix-seh-rt_v6-rev0/mingw64/lib/gcc/x86_64-w64-mingw32/8.1.0/include/c++/bits/stl_algo.h:1948:27:   required from 'void std::__introsort_loop(_RandomAccessIterator, _RandomAccessIterator, _Size, _Compare) [with _RandomAccessIterator = __gnu_cxx::__normal_iterator<const char*, std::__cxx11::basic_string<char> >; _Size = long long int; _Compare = __gnu_cxx::__ops::_Iter_less_iter]'
C:/Program Files/mingw-w64/x86_64-8.1.0-release-posix-seh-rt_v6-rev0/mingw64/lib/gcc/x86_64-w64-mingw32/8.1.0/include/c++/bits/stl_algo.h:1968:25:   required from 'void std::__sort(_RandomAccessIterator, _RandomAccessIterator, _Compare) [with _RandomAccessIterator = __gnu_cxx::__normal_iterator<const char*, std::__cxx11::basic_string<char> >; _Compare = __gnu_cxx::__ops::_Iter_less_iter]'
C:/Program Files/mingw-w64/x86_64-8.1.0-release-posix-seh-rt_v6-rev0/mingw64/lib/gcc/x86_64-w64-mingw32/8.1.0/include/c++/bits/stl_algo.h:4834:18:   required from 'void std::sort(_RAIter, _RAIter) [with _RAIter = __gnu_cxx::__normal_iterator<const char*, std::__cxx11::basic_string<char> >]'
1202.cpp:36:44:   required from here
C:/Program Files/mingw-w64/x86_64-8.1.0-release-posix-seh-rt_v6-rev0/mingw64/lib/gcc/x86_64-w64-mingw32/8.1.0/include/c++/bits/stl_heap.h:225:29: error: assignment of read-only location '__first.__gnu_cxx::__normal_iterator<const char*, std::__cxx11::basic_string<char> >::operator+(__holeIndex).__gnu_cxx::__normal_iterator<const char*, std::__cxx11::basic_string<char> >::operator*()'
    *(__first + __holeIndex) = _GLIBCXX_MOVE(*(__first + __secondChild));
                             ^
C:/Program Files/mingw-w64/x86_64-8.1.0-release-posix-seh-rt_v6-rev0/mingw64/lib/gcc/x86_64-w64-mingw32/8.1.0/include/c++/bits/stl_heap.h:231:29: error: assignment of read-only location '__first.__gnu_cxx::__normal_iterator<const char*, std::__cxx11::basic_string<char> >::operator+(__holeIndex).__gnu_cxx::__normal_iterator<const char*, std::__cxx11::basic_string<char> >::operator*()'
    *(__first + __holeIndex) = _GLIBCXX_MOVE(*(__first
                             ^
In file included from C:/Program Files/mingw-w64/x86_64-8.1.0-release-posix-seh-rt_v6-rev0/mingw64/lib/gcc/x86_64-w64-mingw32/8.1.0/include/c++/bits/char_traits.h:39,
                 from C:/Program Files/mingw-w64/x86_64-8.1.0-release-posix-seh-rt_v6-rev0/mingw64/lib/gcc/x86_64-w64-mingw32/8.1.0/include/c++/ios:40,
                 from C:/Program Files/mingw-w64/x86_64-8.1.0-release-posix-seh-rt_v6-rev0/mingw64/lib/gcc/x86_64-w64-mingw32/8.1.0/include/c++/ostream:38,
                 from C:/Program Files/mingw-w64/x86_64-8.1.0-release-posix-seh-rt_v6-rev0/mingw64/lib/gcc/x86_64-w64-mingw32/8.1.0/include/c++/iostream:39,
                 from 1202.cpp:2:
C:/Program Files/mingw-w64/x86_64-8.1.0-release-posix-seh-rt_v6-rev0/mingw64/lib/gcc/x86_64-w64-mingw32/8.1.0/include/c++/bits/stl_algobase.h: In instantiation of '_BI2 std::__copy_move_backward_a(_BI1, _BI1, _BI2) [with bool _IsMove = true; _BI1 = const char*; _BI2 = const char*]':
C:/Program Files/mingw-w64/x86_64-8.1.0-release-posix-seh-rt_v6-rev0/mingw64/lib/gcc/x86_64-w64-mingw32/8.1.0/include/c++/bits/stl_algobase.h:598:5:   required from '_BI2 std::__copy_move_backward_a2(_BI1, _BI1, _BI2) [with bool _IsMove = true; _BI1 = __gnu_cxx::__normal_iterator<const char*, std::__cxx11::basic_string<char> >; _BI2 = __gnu_cxx::__normal_iterator<const char*, std::__cxx11::basic_string<char> >]'
C:/Program Files/mingw-w64/x86_64-8.1.0-release-posix-seh-rt_v6-rev0/mingw64/lib/gcc/x86_64-w64-mingw32/8.1.0/include/c++/bits/stl_algobase.h:668:48:   required from '_BI2 std::move_backward(_BI1, _BI1, _BI2) [with _BI1 = __gnu_cxx::__normal_iterator<const char*, std::__cxx11::basic_string<char> >; _BI2 = __gnu_cxx::__normal_iterator<const char*, std::__cxx11::basic_string<char> >]'
C:/Program Files/mingw-w64/x86_64-8.1.0-release-posix-seh-rt_v6-rev0/mingw64/lib/gcc/x86_64-w64-mingw32/8.1.0/include/c++/bits/stl_algo.h:1851:8:   required from 'void std::__insertion_sort(_RandomAccessIterator, _RandomAccessIterator, _Compare) [with _RandomAccessIterator = __gnu_cxx::__normal_iterator<const char*, std::__cxx11::basic_string<char> >; _Compare = __gnu_cxx::__ops::_Iter_less_iter]'
C:/Program Files/mingw-w64/x86_64-8.1.0-release-posix-seh-rt_v6-rev0/mingw64/lib/gcc/x86_64-w64-mingw32/8.1.0/include/c++/bits/stl_algo.h:1885:25:   required from 'void std::__final_insertion_sort(_RandomAccessIterator, _RandomAccessIterator, _Compare) [with _RandomAccessIterator = __gnu_cxx::__normal_iterator<const char*, std::__cxx11::basic_string<char> >; _Compare = __gnu_cxx::__ops::_Iter_less_iter]'
C:/Program Files/mingw-w64/x86_64-8.1.0-release-posix-seh-rt_v6-rev0/mingw64/lib/gcc/x86_64-w64-mingw32/8.1.0/include/c++/bits/stl_algo.h:1971:31:   required from 'void std::__sort(_RandomAccessIterator, _RandomAccessIterator, _Compare) [with _RandomAccessIterator = __gnu_cxx::__normal_iterator<const char*, std::__cxx11::basic_string<char> >; _Compare = __gnu_cxx::__ops::_Iter_less_iter]'
C:/Program Files/mingw-w64/x86_64-8.1.0-release-posix-seh-rt_v6-rev0/mingw64/lib/gcc/x86_64-w64-mingw32/8.1.0/include/c++/bits/stl_algo.h:4834:18:   required from 'void std::sort(_RAIter, _RAIter) [with _RAIter = __gnu_cxx::__normal_iterator<const char*, std::__cxx11::basic_string<char> >]'
1202.cpp:36:44:   required from here
C:/Program Files/mingw-w64/x86_64-8.1.0-release-posix-seh-rt_v6-rev0/mingw64/lib/gcc/x86_64-w64-mingw32/8.1.0/include/c++/bits/stl_algobase.h:588:37: error: no matching function for call to 'std::__copy_move_backward<true, true, std::random_access_iterator_tag>::__copy_move_b(const char*&, const char*&, const char*&)'
       return std::__copy_move_backward<_IsMove, __simple,
              ~~~~~~~~~~~~~~~~~~~~~~~~~~~~~~~~~~~~~~~~~~~~
            _Category>::__copy_move_b(__first,
            ~~~~~~~~~~~~~~~~~~~~~~~~~^~~~~~~~~
          __last,
          ~~~~~~~                     
          __result);
          ~~~~~~~~~                   
C:/Program Files/mingw-w64/x86_64-8.1.0-release-posix-seh-rt_v6-rev0/mingw64/lib/gcc/x86_64-w64-mingw32/8.1.0/include/c++/bits/stl_algobase.h:559:2: note: candidate: 'template<class _Tp> static _Tp* std::__copy_move_backward<_IsMove, true, std::random_access_iterator_tag>::__copy_move_b(const _Tp*, const _Tp*, _Tp*) [with _Tp = _Tp; bool _IsMove = true]'
  __copy_move_b(const _Tp* __first, const _Tp* __last, _Tp* __result)
  ^~~~~~~~~~~~~
C:/Program Files/mingw-w64/x86_64-8.1.0-release-posix-seh-rt_v6-rev0/mingw64/lib/gcc/x86_64-w64-mingw32/8.1.0/include/c++/bits/stl_algobase.h:559:2: note:   template argument deduction/substitution failed:
C:/Program Files/mingw-w64/x86_64-8.1.0-release-posix-seh-rt_v6-rev0/mingw64/lib/gcc/x86_64-w64-mingw32/8.1.0/include/c++/bits/stl_algobase.h:588:37: note:   deduced conflicting types for parameter '_Tp' ('char' and 'const char')
       return std::__copy_move_backward<_IsMove, __simple,
              ~~~~~~~~~~~~~~~~~~~~~~~~~~~~~~~~~~~~~~~~~~~~
            _Category>::__copy_move_b(__first,
            ~~~~~~~~~~~~~~~~~~~~~~~~~^~~~~~~~~
          __last,
          ~~~~~~~                     
          __result);
          ~~~~~~~~~                   
